{"/Users/lyy/Downloads/code/github/get-npm-package-version/index.js":{"path":"/Users/lyy/Downloads/code/github/get-npm-package-version/index.js","s":{"1":1,"2":2,"3":2,"4":2,"5":2,"6":1,"7":2,"8":0,"9":2,"10":1,"11":1,"12":0,"13":1},"b":{"1":[1,1],"2":[0,2],"3":[1,0]},"f":{"1":2},"fnMap":{"1":{"name":"(anonymous_1)","line":1,"loc":{"start":{"line":1,"column":17},"end":{"line":1,"column":80}}}},"statementMap":{"1":{"start":{"line":1,"column":0},"end":{"line":28,"column":1}},"2":{"start":{"line":2,"column":4},"end":{"line":27,"column":5}},"3":{"start":{"line":3,"column":8},"end":{"line":3,"column":20}},"4":{"start":{"line":5,"column":8},"end":{"line":7,"column":10}},"5":{"start":{"line":9,"column":8},"end":{"line":11,"column":9}},"6":{"start":{"line":10,"column":12},"end":{"line":10,"column":37}},"7":{"start":{"line":13,"column":8},"end":{"line":17,"column":9}},"8":{"start":{"line":14,"column":12},"end":{"line":14,"column":122}},"9":{"start":{"line":16,"column":12},"end":{"line":16,"column":99}},"10":{"start":{"line":19,"column":8},"end":{"line":23,"column":9}},"11":{"start":{"line":20,"column":12},"end":{"line":20,"column":85}},"12":{"start":{"line":22,"column":12},"end":{"line":22,"column":24}},"13":{"start":{"line":26,"column":8},"end":{"line":26,"column":20}}},"branchMap":{"1":{"line":9,"type":"if","locations":[{"start":{"line":9,"column":8},"end":{"line":9,"column":8}},{"start":{"line":9,"column":8},"end":{"line":9,"column":8}}]},"2":{"line":13,"type":"if","locations":[{"start":{"line":13,"column":8},"end":{"line":13,"column":8}},{"start":{"line":13,"column":8},"end":{"line":13,"column":8}}]},"3":{"line":19,"type":"if","locations":[{"start":{"line":19,"column":8},"end":{"line":19,"column":8}},{"start":{"line":19,"column":8},"end":{"line":19,"column":8}}]}}}}